<?xml version="1.0" encoding="UTF-8"?>
<testng-results skipped="0" failed="0" ignored="0" total="2" passed="2">
  <reporter-output>
  </reporter-output>
  <suite name="com.seleniumdemo.TestDemo" duration-ms="47" started-at="2018-02-25T07:59:22Z" finished-at="2018-02-25T07:59:22Z">
    <groups>
    </groups>
    <test name="Command line test" duration-ms="47" started-at="2018-02-25T07:59:22Z" finished-at="2018-02-25T07:59:22Z">
      <class name="com.seleniumdemo.TestDemo">
        <test-method status="PASS" signature="m()[pri:0, instance:com.seleniumdemo.TestDemo@6b2fad11]" name="m" duration-ms="10" started-at="2018-02-25T13:29:22Z" finished-at="2018-02-25T13:29:22Z">
          <reporter-output>
          </reporter-output>
        </test-method> <!-- m -->
        <test-method status="PASS" signature="m1()[pri:0, instance:com.seleniumdemo.TestDemo@6b2fad11]" name="m1" duration-ms="1" started-at="2018-02-25T13:29:22Z" finished-at="2018-02-25T13:29:22Z">
          <reporter-output>
          </reporter-output>
        </test-method> <!-- m1 -->
      </class> <!-- com.seleniumdemo.TestDemo -->
    </test> <!-- Command line test -->
  </suite> <!-- com.seleniumdemo.TestDemo -->
</testng-results>
