<?xml version="1.0" encoding="UTF-8"?>
<testng-results skipped="0" failed="0" ignored="0" total="1" passed="1">
  <reporter-output>
  </reporter-output>
  <suite name="Default suite" duration-ms="14909" started-at="2018-02-25T13:49:35Z" finished-at="2018-02-25T13:49:50Z">
    <groups>
    </groups>
    <test name="Default test" duration-ms="14909" started-at="2018-02-25T13:49:35Z" finished-at="2018-02-25T13:49:50Z">
      <class name="SeleniumGrid.GridDemo">
        <test-method status="PASS" signature="demo()[pri:0, instance:SeleniumGrid.GridDemo@66a3ffec]" name="demo" duration-ms="14892" started-at="2018-02-25T19:19:35Z" finished-at="2018-02-25T19:19:50Z">
          <reporter-output>
          </reporter-output>
        </test-method> <!-- demo -->
      </class> <!-- SeleniumGrid.GridDemo -->
    </test> <!-- Default test -->
  </suite> <!-- Default suite -->
</testng-results>
